
*** Running vivado
    with args -log CPU_Single_Cycle.vdi -applog -m64 -product Vivado -messageDb vivado.pb -mode batch -source CPU_Single_Cycle.tcl -notrace



****** Vivado v2025.2 (64-bit)
  **** SW Build 6299465 on Fri Nov 14 19:35:11 GMT 2025
  **** IP Build 6300035 on Fri Nov 14 10:48:45 MST 2025
  **** SharedData Build 6298862 on Thu Nov 13 04:50:51 MST 2025
  **** Start of session at: Sat Jun  6 10:52:39 2026
    ** Copyright 1986-2022 Xilinx, Inc. All Rights Reserved.
    ** Copyright 2022-2025 Advanced Micro Devices, Inc. All Rights Reserved.

source CPU_Single_Cycle.tcl -notrace
create_project: Time (s): cpu = 00:00:11 ; elapsed = 00:00:10 . Memory (MB): peak = 525.371 ; gain = 217.305
Command: link_design -top CPU_Single_Cycle -part xc7a12ticsg325-1L
Design is defaulting to srcset: sources_1
Design is defaulting to constrset: constrs_1
INFO: [Device 21-403] Loading part xc7a12ticsg325-1L
Netlist sorting complete. Time (s): cpu = 00:00:00 ; elapsed = 00:00:00.033 . Memory (MB): peak = 727.848 ; gain = 0.000
INFO: [Netlist 29-17] Analyzing 82 Unisim elements for replacement
INFO: [Netlist 29-28] Unisim Transformation completed in 1 CPU seconds
INFO: [Project 1-479] Netlist was created with Vivado 2025.2
INFO: [Project 1-570] Preparing netlist for logic optimization
Parsing XDC File [C:/Users/adity/Single_cycle_cpu/Single_Cycle_Processor.srcs/constrs_1/new/timing_cpu.xdc]
Finished Parsing XDC File [C:/Users/adity/Single_cycle_cpu/Single_Cycle_Processor.srcs/constrs_1/new/timing_cpu.xdc]
INFO: [Opt 31-138] Pushed 0 inverter(s) to 0 load pin(s).
Netlist sorting complete. Time (s): cpu = 00:00:00 ; elapsed = 00:00:00.001 . Memory (MB): peak = 853.859 ; gain = 0.000
INFO: [Project 1-111] Unisim Transformation Summary:
  A total of 46 instances were transformed.
  RAM256X1S => RAM256X1S (MUXF7(x2), MUXF8, RAMS64E(x4)): 32 instances
  RAM32M => RAM32M (RAMD32(x6), RAMS32(x2)): 10 instances
  RAM32X1D => RAM32X1D (RAMD32(x2)): 4 instances

7 Infos, 0 Warnings, 0 Critical Warnings and 0 Errors encountered.
link_design completed successfully
link_design: Time (s): cpu = 00:00:07 ; elapsed = 00:00:10 . Memory (MB): peak = 853.859 ; gain = 328.488
Command: opt_design
Attempting to get a license for feature 'Implementation' and/or device 'xc7a12ti'
INFO: [Common 17-349] Got license for feature 'Implementation' and/or device 'xc7a12ti'
Running DRC as a precondition to command opt_design

Starting DRC Task
INFO: [DRC 23-27] Running DRC with 2 threads
INFO: [Project 1-461] DRC finished with 0 Errors
INFO: [Project 1-462] Please refer to the DRC report (report_drc) for more information.

Time (s): cpu = 00:00:01 ; elapsed = 00:00:00.965 . Memory (MB): peak = 880.375 ; gain = 26.516

Starting Cache Timing Information Task
INFO: [Timing 38-35] Done setting XDC timing constraints.
Ending Cache Timing Information Task | Checksum: 20cae8573

Time (s): cpu = 00:00:11 ; elapsed = 00:00:11 . Memory (MB): peak = 1421.527 ; gain = 541.152

Starting Logic Optimization Task

Phase 1 Initialization

Phase 1.1 Core Generation And Design Setup
Phase 1.1 Core Generation And Design Setup | Checksum: 20cae8573

Time (s): cpu = 00:00:00 ; elapsed = 00:00:00.009 . Memory (MB): peak = 1882.145 ; gain = 0.000

Phase 1.2 Setup Constraints And Sort Netlist
Phase 1.2 Setup Constraints And Sort Netlist | Checksum: 20cae8573

Time (s): cpu = 00:00:00 ; elapsed = 00:00:00.014 . Memory (MB): peak = 1882.145 ; gain = 0.000
Phase 1 Initialization | Checksum: 20cae8573

Time (s): cpu = 00:00:00 ; elapsed = 00:00:00.015 . Memory (MB): peak = 1882.145 ; gain = 0.000

Phase 2 Timer Update And Timing Data Collection

Phase 2.1 Detect if minReqCache needed
Phase 2.1 Detect if minReqCache needed | Checksum: 20cae8573

Time (s): cpu = 00:00:00 ; elapsed = 00:00:00.028 . Memory (MB): peak = 1882.145 ; gain = 0.000

Phase 2.2 Timer Update
Phase 2.2 Timer Update | Checksum: 20cae8573

Time (s): cpu = 00:00:00 ; elapsed = 00:00:00.081 . Memory (MB): peak = 1882.145 ; gain = 0.000

Phase 2.3 Timing Data Collection
Phase 2.3 Timing Data Collection | Checksum: 20cae8573

Time (s): cpu = 00:00:00 ; elapsed = 00:00:00.083 . Memory (MB): peak = 1882.145 ; gain = 0.000
Phase 2 Timer Update And Timing Data Collection | Checksum: 20cae8573

Time (s): cpu = 00:00:00 ; elapsed = 00:00:00.083 . Memory (MB): peak = 1882.145 ; gain = 0.000

Phase 3 Retarget
INFO: [Opt 31-1851] Number of loadless carry chains removed were: 0
INFO: [Opt 31-1834] Total Chains To Be Transformed Were: 0 AND Number of Transformed insts Created are: 0
INFO: [Opt 31-138] Pushed 0 inverter(s) to 0 load pin(s).
INFO: [Opt 31-49] Retargeted 0 cell(s).
Phase 3 Retarget | Checksum: 20cae8573

Time (s): cpu = 00:00:00 ; elapsed = 00:00:00.110 . Memory (MB): peak = 1882.145 ; gain = 0.000
Retarget | Checksum: 20cae8573
INFO: [Opt 31-389] Phase Retarget created 0 cells and removed 0 cells

Phase 4 Constant propagation
INFO: [Opt 31-138] Pushed 0 inverter(s) to 0 load pin(s).
Phase 4 Constant propagation | Checksum: 25ea0db4d

Time (s): cpu = 00:00:00 ; elapsed = 00:00:00.133 . Memory (MB): peak = 1882.145 ; gain = 0.000
Constant propagation | Checksum: 25ea0db4d
INFO: [Opt 31-389] Phase Constant propagation created 0 cells and removed 0 cells

Phase 5 Sweep
INFO: [Constraints 18-11670] Building netlist checker database with flags, 0x8
Done building netlist checker database: Time (s): cpu = 00:00:00 ; elapsed = 00:00:00.001 . Memory (MB): peak = 1882.145 ; gain = 0.000
Phase 5 Sweep | Checksum: 17730db71

Time (s): cpu = 00:00:00 ; elapsed = 00:00:00.157 . Memory (MB): peak = 1882.145 ; gain = 0.000
Sweep | Checksum: 17730db71
INFO: [Opt 31-389] Phase Sweep created 0 cells and removed 0 cells

Phase 6 BUFG optimization
Phase 6 BUFG optimization | Checksum: 17730db71

Time (s): cpu = 00:00:00 ; elapsed = 00:00:00.205 . Memory (MB): peak = 1882.145 ; gain = 0.000
BUFG optimization | Checksum: 17730db71
INFO: [Opt 31-662] Phase BUFG optimization created 0 cells of which 0 are BUFGs and removed 0 cells.

Phase 7 Shift Register Optimization
INFO: [Opt 31-1064] SRL Remap converted 0 SRLs to 0 registers and converted 0 registers of register chains to 0 SRLs
Phase 7 Shift Register Optimization | Checksum: 17730db71

Time (s): cpu = 00:00:00 ; elapsed = 00:00:00.208 . Memory (MB): peak = 1882.145 ; gain = 0.000
Shift Register Optimization | Checksum: 17730db71
INFO: [Opt 31-389] Phase Shift Register Optimization created 0 cells and removed 0 cells

Phase 8 Post Processing Netlist
Phase 8 Post Processing Netlist | Checksum: 17730db71

Time (s): cpu = 00:00:00 ; elapsed = 00:00:00.212 . Memory (MB): peak = 1882.145 ; gain = 0.000
Post Processing Netlist | Checksum: 17730db71
INFO: [Opt 31-389] Phase Post Processing Netlist created 0 cells and removed 0 cells

Phase 9 Finalization

Phase 9.1 Finalizing Design Cores and Updating Shapes
Phase 9.1 Finalizing Design Cores and Updating Shapes | Checksum: 21d477b94

Time (s): cpu = 00:00:00 ; elapsed = 00:00:00.230 . Memory (MB): peak = 1882.145 ; gain = 0.000

Phase 9.2 Verifying Netlist Connectivity

Starting Connectivity Check Task

Time (s): cpu = 00:00:00 ; elapsed = 00:00:00.008 . Memory (MB): peak = 1882.145 ; gain = 0.000
Phase 9.2 Verifying Netlist Connectivity | Checksum: 21d477b94

Time (s): cpu = 00:00:00 ; elapsed = 00:00:00.239 . Memory (MB): peak = 1882.145 ; gain = 0.000
Phase 9 Finalization | Checksum: 21d477b94

Time (s): cpu = 00:00:00 ; elapsed = 00:00:00.240 . Memory (MB): peak = 1882.145 ; gain = 0.000
Opt_design Change Summary
=========================


-------------------------------------------------------------------------------------------------------------------------
|  Phase                        |  #Cells created  |  #Cells Removed  |  #Constrained objects preventing optimizations  |
-------------------------------------------------------------------------------------------------------------------------
|  Retarget                     |               0  |               0  |                                              0  |
|  Constant propagation         |               0  |               0  |                                              0  |
|  Sweep                        |               0  |               0  |                                              0  |
|  BUFG optimization            |               0  |               0  |                                              0  |
|  Shift Register Optimization  |               0  |               0  |                                              0  |
|  Post Processing Netlist      |               0  |               0  |                                              0  |
-------------------------------------------------------------------------------------------------------------------------


Ending Logic Optimization Task | Checksum: 21d477b94

Time (s): cpu = 00:00:00 ; elapsed = 00:00:00.246 . Memory (MB): peak = 1882.145 ; gain = 0.000

Starting Power Optimization Task
INFO: [Pwropt 34-132] Skipping clock gating for clocks with a period < 2.00 ns.
Ending Power Optimization Task | Checksum: 21d477b94

Time (s): cpu = 00:00:00 ; elapsed = 00:00:00.029 . Memory (MB): peak = 1882.145 ; gain = 0.000

Starting Final Cleanup Task
Ending Final Cleanup Task | Checksum: 21d477b94

Time (s): cpu = 00:00:00 ; elapsed = 00:00:00.002 . Memory (MB): peak = 1882.145 ; gain = 0.000
Netlist sorting complete. Time (s): cpu = 00:00:00 ; elapsed = 00:00:00.002 . Memory (MB): peak = 1882.145 ; gain = 0.000
INFO: [Common 17-83] Releasing license: Implementation
27 Infos, 0 Warnings, 0 Critical Warnings and 0 Errors encountered.
opt_design completed successfully
opt_design: Time (s): cpu = 00:00:19 ; elapsed = 00:00:20 . Memory (MB): peak = 1882.145 ; gain = 1028.285
INFO: [Vivado 12-24828] Executing command : report_drc -file CPU_Single_Cycle_drc_opted.rpt -pb CPU_Single_Cycle_drc_opted.pb -rpx CPU_Single_Cycle_drc_opted.rpx
Command: report_drc -file CPU_Single_Cycle_drc_opted.rpt -pb CPU_Single_Cycle_drc_opted.pb -rpx CPU_Single_Cycle_drc_opted.rpx
INFO: [IP_Flow 19-234] Refreshing IP repositories
INFO: [IP_Flow 19-1704] No user IP repositories specified
INFO: [IP_Flow 19-2313] Loaded Vivado IP repository 'C:/AMDDesignTools/2025.2/Vivado/data/ip'.
INFO: [DRC 23-27] Running DRC with 2 threads
INFO: [Vivado_Tcl 2-168] The results of DRC are in file C:/Users/adity/Single_cycle_cpu/Single_Cycle_Processor.runs/impl_1/CPU_Single_Cycle_drc_opted.rpt.
report_drc completed successfully
report_drc: Time (s): cpu = 00:00:05 ; elapsed = 00:00:05 . Memory (MB): peak = 1882.145 ; gain = 0.000
generate_parallel_reports: Time (s): cpu = 00:00:05 ; elapsed = 00:00:05 . Memory (MB): peak = 1882.145 ; gain = 0.000
INFO: [Timing 38-480] Writing timing data to binary archive.
Write ShapeDB Complete: Time (s): cpu = 00:00:00 ; elapsed = 00:00:00.013 . Memory (MB): peak = 1882.145 ; gain = 0.000
INFO: [Common 17-1381] The checkpoint 'C:/Users/adity/Single_cycle_cpu/Single_Cycle_Processor.runs/impl_1/CPU_Single_Cycle_opt.dcp' has been generated.
Command: place_design
Attempting to get a license for feature 'Implementation' and/or device 'xc7a12ti'
INFO: [Common 17-349] Got license for feature 'Implementation' and/or device 'xc7a12ti'
INFO: [Common 17-83] Releasing license: Implementation
INFO: [DRC 23-27] Running DRC with 2 threads
INFO: [Vivado_Tcl 4-198] DRC finished with 0 Errors
INFO: [Vivado_Tcl 4-199] Please refer to the DRC report (report_drc) for more information.
INFO: [Timing 38-35] Done setting XDC timing constraints.
Running DRC as a precondition to command place_design
INFO: [DRC 23-27] Running DRC with 2 threads
INFO: [Vivado_Tcl 4-198] DRC finished with 0 Errors
INFO: [Vivado_Tcl 4-199] Please refer to the DRC report (report_drc) for more information.
INFO: [Place 30-611] Multithreading enabled for place_design using a maximum of 2 CPUs

Starting Placer Task

Phase 1 Placer Initialization

Phase 1.1 Placer Initialization Netlist Sorting
Netlist sorting complete. Time (s): cpu = 00:00:00 ; elapsed = 00:00:00.001 . Memory (MB): peak = 1882.145 ; gain = 0.000
Phase 1.1 Placer Initialization Netlist Sorting | Checksum: 138093429

Time (s): cpu = 00:00:00 ; elapsed = 00:00:00.013 . Memory (MB): peak = 1882.145 ; gain = 0.000
Netlist sorting complete. Time (s): cpu = 00:00:00 ; elapsed = 00:00:00.002 . Memory (MB): peak = 1882.145 ; gain = 0.000

Phase 1.2 IO Placement/ Clock Placement/ Build Placer Device
Phase 1.2 IO Placement/ Clock Placement/ Build Placer Device | Checksum: 1165064d2

Time (s): cpu = 00:00:00 ; elapsed = 00:00:00.610 . Memory (MB): peak = 1882.145 ; gain = 0.000

Phase 1.3 Build Placer Netlist Model
Phase 1.3 Build Placer Netlist Model | Checksum: 1ce8e2791

Time (s): cpu = 00:00:01 ; elapsed = 00:00:01 . Memory (MB): peak = 1882.145 ; gain = 0.000

Phase 1.4 Constrain Clocks/Macros
Phase 1.4 Constrain Clocks/Macros | Checksum: 1ce8e2791

Time (s): cpu = 00:00:01 ; elapsed = 00:00:01 . Memory (MB): peak = 1882.145 ; gain = 0.000
Phase 1 Placer Initialization | Checksum: 1ce8e2791

Time (s): cpu = 00:00:01 ; elapsed = 00:00:02 . Memory (MB): peak = 1882.145 ; gain = 0.000

Phase 2 Global Placement

Phase 2.1 Floorplanning
Phase 2.1 Floorplanning | Checksum: 15e247b33

Time (s): cpu = 00:00:02 ; elapsed = 00:00:02 . Memory (MB): peak = 1882.145 ; gain = 0.000

Phase 2.2 Update Timing before SLR Path Opt
Phase 2.2 Update Timing before SLR Path Opt | Checksum: 18ced4fd8

Time (s): cpu = 00:00:02 ; elapsed = 00:00:02 . Memory (MB): peak = 1882.145 ; gain = 0.000

Phase 2.3 Post-Processing in Floorplanning
Phase 2.3 Post-Processing in Floorplanning | Checksum: 18ced4fd8

Time (s): cpu = 00:00:02 ; elapsed = 00:00:02 . Memory (MB): peak = 1882.145 ; gain = 0.000

Phase 2.4 Global Place Phase1
Phase 2.4 Global Place Phase1 | Checksum: 1a9e73204

Time (s): cpu = 00:00:05 ; elapsed = 00:00:04 . Memory (MB): peak = 1882.145 ; gain = 0.000

Phase 2.5 Global Place Phase2

Phase 2.5.1 UpdateTiming Before Physical Synthesis
Phase 2.5.1 UpdateTiming Before Physical Synthesis | Checksum: 1ca3c8fc9

Time (s): cpu = 00:00:06 ; elapsed = 00:00:04 . Memory (MB): peak = 1882.145 ; gain = 0.000

Phase 2.5.2 Physical Synthesis In Placer
INFO: [Physopt 32-1035] Found 8 LUTNM shape to break, 0 LUT instances to create LUTNM shape
INFO: [Physopt 32-1044] Break lutnm for timing: one critical 6, two critical 2, total 8, new lutff created 0
INFO: [Physopt 32-1138] End 1 Pass. Optimized 8 nets or LUTs. Breaked 8 LUTs, combined 0 existing LUT and moved 0 existing LUT
INFO: [Physopt 32-65] No nets found for high-fanout optimization.
INFO: [Physopt 32-232] Optimized 0 net. Created 0 new instance.
INFO: [Physopt 32-775] End 1 Pass. Optimized 0 net or cell. Created 0 new cell, deleted 0 existing cell and moved 0 existing cell
INFO: [Physopt 32-456] No candidate cells for DSP register optimization found in the design.
INFO: [Physopt 32-775] End 2 Pass. Optimized 0 net or cell. Created 0 new cell, deleted 0 existing cell and moved 0 existing cell
INFO: [Physopt 32-1123] No candidate cells found for Shift Register to Pipeline optimization
INFO: [Physopt 32-775] End 2 Pass. Optimized 0 net or cell. Created 0 new cell, deleted 0 existing cell and moved 0 existing cell
INFO: [Physopt 32-1401] No candidate cells found for Shift Register optimization.
INFO: [Physopt 32-677] No candidate cells for Shift Register optimization found in the design
INFO: [Physopt 32-775] End 1 Pass. Optimized 0 net or cell. Created 0 new cell, deleted 0 existing cell and moved 0 existing cell
INFO: [Physopt 32-526] No candidate cells for BRAM register optimization found in the design
INFO: [Physopt 32-775] End 1 Pass. Optimized 0 net or cell. Created 0 new cell, deleted 0 existing cell and moved 0 existing cell
INFO: [Physopt 32-846] No candidate cells for URAM register optimization found in the design
INFO: [Physopt 32-775] End 1 Pass. Optimized 0 net or cell. Created 0 new cell, deleted 0 existing cell and moved 0 existing cell
INFO: [Physopt 32-846] No candidate cells for URAM register optimization found in the design
INFO: [Physopt 32-775] End 1 Pass. Optimized 0 net or cell. Created 0 new cell, deleted 0 existing cell and moved 0 existing cell
INFO: [Physopt 32-949] No candidate nets found for dynamic/static region interface net replication
INFO: [Physopt 32-775] End 1 Pass. Optimized 0 net or cell. Created 0 new cell, deleted 0 existing cell and moved 0 existing cell
Netlist sorting complete. Time (s): cpu = 00:00:00 ; elapsed = 00:00:00.001 . Memory (MB): peak = 1882.145 ; gain = 0.000

Summary of Physical Synthesis Optimizations
============================================


-----------------------------------------------------------------------------------------------------------------------------------------------------------
|  Optimization                                     |  Added Cells  |  Removed Cells  |  Optimized Cells/Nets  |  Dont Touch  |  Iterations  |  Elapsed   |
-----------------------------------------------------------------------------------------------------------------------------------------------------------
|  LUT Combining                                    |            8  |              0  |                     8  |           0  |           1  |  00:00:00  |
|  Retime                                           |            0  |              0  |                     0  |           0  |           1  |  00:00:00  |
|  Very High Fanout                                 |            0  |              0  |                     0  |           0  |           1  |  00:00:00  |
|  DSP Register                                     |            0  |              0  |                     0  |           0  |           1  |  00:00:00  |
|  Shift Register to Pipeline                       |            0  |              0  |                     0  |           0  |           1  |  00:00:00  |
|  Shift Register                                   |            0  |              0  |                     0  |           0  |           1  |  00:00:00  |
|  BRAM Register                                    |            0  |              0  |                     0  |           0  |           1  |  00:00:00  |
|  URAM Register                                    |            0  |              0  |                     0  |           0  |           1  |  00:00:00  |
|  Dynamic/Static Region Interface Net Replication  |            0  |              0  |                     0  |           0  |           1  |  00:00:00  |
|  Total                                            |            8  |              0  |                     8  |           0  |           9  |  00:00:00  |
-----------------------------------------------------------------------------------------------------------------------------------------------------------


Phase 2.5.2 Physical Synthesis In Placer | Checksum: 1dc8737e9

Time (s): cpu = 00:00:07 ; elapsed = 00:00:05 . Memory (MB): peak = 1882.145 ; gain = 0.000
Phase 2.5 Global Place Phase2 | Checksum: 16b458a30

Time (s): cpu = 00:00:07 ; elapsed = 00:00:05 . Memory (MB): peak = 1882.145 ; gain = 0.000
Phase 2 Global Placement | Checksum: 16b458a30

Time (s): cpu = 00:00:07 ; elapsed = 00:00:05 . Memory (MB): peak = 1882.145 ; gain = 0.000

Phase 3 Detail Placement

Phase 3.1 Commit Multi Column Macros
Phase 3.1 Commit Multi Column Macros | Checksum: 1b1c51b7a

Time (s): cpu = 00:00:07 ; elapsed = 00:00:05 . Memory (MB): peak = 1882.145 ; gain = 0.000

Phase 3.2 Commit Most Macros & LUTRAMs
Phase 3.2 Commit Most Macros & LUTRAMs | Checksum: 18930702e

Time (s): cpu = 00:00:08 ; elapsed = 00:00:06 . Memory (MB): peak = 1882.145 ; gain = 0.000

Phase 3.3 Area Swap Optimization
Phase 3.3 Area Swap Optimization | Checksum: 228c4b323

Time (s): cpu = 00:00:08 ; elapsed = 00:00:06 . Memory (MB): peak = 1882.145 ; gain = 0.000

Phase 3.4 Pipeline Register Optimization
Phase 3.4 Pipeline Register Optimization | Checksum: 228c4b323

Time (s): cpu = 00:00:08 ; elapsed = 00:00:06 . Memory (MB): peak = 1882.145 ; gain = 0.000

Phase 3.5 Fast Optimization
Phase 3.5 Fast Optimization | Checksum: 243817d7a

Time (s): cpu = 00:00:10 ; elapsed = 00:00:08 . Memory (MB): peak = 1882.145 ; gain = 0.000

Phase 3.6 Small Shape Detail Placement
Phase 3.6 Small Shape Detail Placement | Checksum: 17e9a9f3b

Time (s): cpu = 00:00:11 ; elapsed = 00:00:09 . Memory (MB): peak = 1882.145 ; gain = 0.000

Phase 3.7 Re-assign LUT pins
Phase 3.7 Re-assign LUT pins | Checksum: 1cd431df9

Time (s): cpu = 00:00:11 ; elapsed = 00:00:09 . Memory (MB): peak = 1882.145 ; gain = 0.000

Phase 3.8 Pipeline Register Optimization
Phase 3.8 Pipeline Register Optimization | Checksum: 1cd431df9

Time (s): cpu = 00:00:11 ; elapsed = 00:00:09 . Memory (MB): peak = 1882.145 ; gain = 0.000
Phase 3 Detail Placement | Checksum: 1cd431df9

Time (s): cpu = 00:00:11 ; elapsed = 00:00:09 . Memory (MB): peak = 1882.145 ; gain = 0.000

Phase 4 Post Placement Optimization and Clean-Up

Phase 4.1 Post Commit Optimization
INFO: [Timing 38-35] Done setting XDC timing constraints.

Phase 4.1.1 Post Placement Optimization
Post Placement Optimization Initialization | Checksum: 24d7a5b94

Phase 4.1.1.1 BUFG Insertion

Starting Physical Synthesis Task

Phase 1 Physical Synthesis Initialization
INFO: [Physopt 32-721] Multithreading enabled for phys_opt_design using a maximum of 2 CPUs
INFO: [Physopt 32-619] Estimated Timing Summary | WNS=-0.453 | TNS=-7.572 |
Phase 1 Physical Synthesis Initialization | Checksum: 25384cd35

Time (s): cpu = 00:00:00 ; elapsed = 00:00:00.053 . Memory (MB): peak = 1882.145 ; gain = 0.000
INFO: [Place 46-56] BUFG insertion identified 0 candidate nets. Inserted BUFG: 0, Replicated BUFG Driver: 0, Skipped due to Placement/Routing Conflicts: 0, Skipped due to Timing Degradation: 0, Skipped due to netlist editing failed: 0.
Ending Physical Synthesis Task | Checksum: 27d6b5c26

Time (s): cpu = 00:00:00 ; elapsed = 00:00:00.061 . Memory (MB): peak = 1882.145 ; gain = 0.000
Phase 4.1.1.1 BUFG Insertion | Checksum: 24d7a5b94

Time (s): cpu = 00:00:12 ; elapsed = 00:00:10 . Memory (MB): peak = 1882.145 ; gain = 0.000

Phase 4.1.1.2 Post Placement Timing Optimization
INFO: [Place 30-746] Post Placement Timing Summary WNS=0.398. For the most accurate timing information please run report_timing.
Phase 4.1.1.2 Post Placement Timing Optimization | Checksum: 2f270ba3a

Time (s): cpu = 00:00:31 ; elapsed = 00:00:28 . Memory (MB): peak = 1882.145 ; gain = 0.000

Time (s): cpu = 00:00:31 ; elapsed = 00:00:28 . Memory (MB): peak = 1882.145 ; gain = 0.000
Phase 4.1 Post Commit Optimization | Checksum: 2f270ba3a

Time (s): cpu = 00:00:31 ; elapsed = 00:00:28 . Memory (MB): peak = 1882.145 ; gain = 0.000

Phase 4.2 Post Placement Cleanup
Phase 4.2 Post Placement Cleanup | Checksum: 2f270ba3a

Time (s): cpu = 00:00:31 ; elapsed = 00:00:28 . Memory (MB): peak = 1882.145 ; gain = 0.000

Phase 4.3 Placer Reporting

Phase 4.3.1 Print Estimated Congestion
INFO: [Place 30-612] Post-Placement Estimated Congestion 
 ____________________________________________________
|           | Global Congestion | Short Congestion  |
| Direction | Region Size       | Region Size       |
|___________|___________________|___________________|
|      North|                1x1|                2x2|
|___________|___________________|___________________|
|      South|                1x1|                1x1|
|___________|___________________|___________________|
|       East|                1x1|                1x1|
|___________|___________________|___________________|
|       West|                1x1|                1x1|
|___________|___________________|___________________|

Phase 4.3.1 Print Estimated Congestion | Checksum: 2f270ba3a

Time (s): cpu = 00:00:31 ; elapsed = 00:00:28 . Memory (MB): peak = 1882.145 ; gain = 0.000
Phase 4.3 Placer Reporting | Checksum: 2f270ba3a

Time (s): cpu = 00:00:31 ; elapsed = 00:00:28 . Memory (MB): peak = 1882.145 ; gain = 0.000

Phase 4.4 Final Placement Cleanup
Netlist sorting complete. Time (s): cpu = 00:00:00 ; elapsed = 00:00:00.001 . Memory (MB): peak = 1882.145 ; gain = 0.000

Time (s): cpu = 00:00:31 ; elapsed = 00:00:28 . Memory (MB): peak = 1882.145 ; gain = 0.000
Phase 4 Post Placement Optimization and Clean-Up | Checksum: 30b3e9295

Time (s): cpu = 00:00:31 ; elapsed = 00:00:28 . Memory (MB): peak = 1882.145 ; gain = 0.000
Ending Placer Task | Checksum: 2335b46e5

Time (s): cpu = 00:00:31 ; elapsed = 00:00:28 . Memory (MB): peak = 1882.145 ; gain = 0.000
72 Infos, 0 Warnings, 0 Critical Warnings and 0 Errors encountered.
place_design completed successfully
place_design: Time (s): cpu = 00:00:33 ; elapsed = 00:00:29 . Memory (MB): peak = 1882.145 ; gain = 0.000
INFO: [Vivado 12-24838] Running report commands "report_control_sets, report_io, report_utilization" in parallel.
Running report generation with 2 threads.
INFO: [Vivado 12-24828] Executing command : report_utilization -file CPU_Single_Cycle_utilization_placed.rpt -pb CPU_Single_Cycle_utilization_placed.pb
INFO: [Vivado 12-24828] Executing command : report_control_sets -verbose -file CPU_Single_Cycle_control_sets_placed.rpt
report_control_sets: Time (s): cpu = 00:00:00 ; elapsed = 00:00:00.008 . Memory (MB): peak = 1882.145 ; gain = 0.000
INFO: [Vivado 12-24828] Executing command : report_io -file CPU_Single_Cycle_io_placed.rpt
report_io: Time (s): cpu = 00:00:01 ; elapsed = 00:00:00.214 . Memory (MB): peak = 1882.145 ; gain = 0.000
INFO: [Timing 38-480] Writing timing data to binary archive.
Write ShapeDB Complete: Time (s): cpu = 00:00:00 ; elapsed = 00:00:00.005 . Memory (MB): peak = 1882.145 ; gain = 0.000
Wrote PlaceDB: Time (s): cpu = 00:00:00 ; elapsed = 00:00:00.002 . Memory (MB): peak = 1882.145 ; gain = 0.000
Wrote PulsedLatchDB: Time (s): cpu = 00:00:00 ; elapsed = 00:00:00 . Memory (MB): peak = 1882.145 ; gain = 0.000
Writing XDEF routing.
Writing XDEF routing logical nets.
Writing XDEF routing special nets.
Wrote RouteStorage: Time (s): cpu = 00:00:00 ; elapsed = 00:00:00.029 . Memory (MB): peak = 1882.145 ; gain = 0.000
Wrote PlaceStorage: Time (s): cpu = 00:00:00 ; elapsed = 00:00:00.104 . Memory (MB): peak = 1882.145 ; gain = 0.000
Wrote Netlist Cache: Time (s): cpu = 00:00:00 ; elapsed = 00:00:00.004 . Memory (MB): peak = 1882.145 ; gain = 0.000
Wrote Device Cache: Time (s): cpu = 00:00:00 ; elapsed = 00:00:00.012 . Memory (MB): peak = 1882.145 ; gain = 0.000
Write Physdb Complete: Time (s): cpu = 00:00:00 ; elapsed = 00:00:00.173 . Memory (MB): peak = 1882.145 ; gain = 0.000
INFO: [Common 17-1381] The checkpoint 'C:/Users/adity/Single_cycle_cpu/Single_Cycle_Processor.runs/impl_1/CPU_Single_Cycle_placed.dcp' has been generated.
Command: phys_opt_design
Attempting to get a license for feature 'Implementation' and/or device 'xc7a12ti'
INFO: [Common 17-349] Got license for feature 'Implementation' and/or device 'xc7a12ti'

Starting Initial Update Timing Task

Time (s): cpu = 00:00:01 ; elapsed = 00:00:00.633 . Memory (MB): peak = 1882.145 ; gain = 0.000
INFO: [Vivado_Tcl 4-2279] Estimated Timing Summary | WNS= 0.290 | TNS= 0.000 | 
INFO: [Vivado_Tcl 4-383] Design worst setup slack (WNS) is greater than or equal to 0.000 ns. All physical synthesis setup optimizations will be skipped.
INFO: [Vivado_Tcl 4-232] No setup violation found. The netlist was not modified.
INFO: [Common 17-83] Releasing license: Implementation
83 Infos, 0 Warnings, 0 Critical Warnings and 0 Errors encountered.
phys_opt_design completed successfully
INFO: [Timing 38-480] Writing timing data to binary archive.
Wrote PlaceDB: Time (s): cpu = 00:00:00 ; elapsed = 00:00:00 . Memory (MB): peak = 1882.145 ; gain = 0.000
Wrote PulsedLatchDB: Time (s): cpu = 00:00:00 ; elapsed = 00:00:00 . Memory (MB): peak = 1882.145 ; gain = 0.000
Write ShapeDB Complete: Time (s): cpu = 00:00:00 ; elapsed = 00:00:00.005 . Memory (MB): peak = 1882.145 ; gain = 0.000
Writing XDEF routing.
Writing XDEF routing logical nets.
Writing XDEF routing special nets.
Wrote RouteStorage: Time (s): cpu = 00:00:00 ; elapsed = 00:00:00.022 . Memory (MB): peak = 1882.145 ; gain = 0.000
Wrote PlaceStorage: Time (s): cpu = 00:00:00 ; elapsed = 00:00:00.071 . Memory (MB): peak = 1882.145 ; gain = 0.000
Wrote Netlist Cache: Time (s): cpu = 00:00:00 ; elapsed = 00:00:00.002 . Memory (MB): peak = 1882.145 ; gain = 0.000
Wrote Device Cache: Time (s): cpu = 00:00:00 ; elapsed = 00:00:00.011 . Memory (MB): peak = 1882.145 ; gain = 0.000
Write Physdb Complete: Time (s): cpu = 00:00:00 ; elapsed = 00:00:00.118 . Memory (MB): peak = 1882.145 ; gain = 0.000
INFO: [Common 17-1381] The checkpoint 'C:/Users/adity/Single_cycle_cpu/Single_Cycle_Processor.runs/impl_1/CPU_Single_Cycle_physopt.dcp' has been generated.
Command: route_design
Attempting to get a license for feature 'Implementation' and/or device 'xc7a12ti'
INFO: [Common 17-349] Got license for feature 'Implementation' and/or device 'xc7a12ti'


Starting Routing Task
INFO: [Route 35-254] Multithreading enabled for route_design using a maximum of 2 CPUs

Phase 1 Build RT Design
Checksum: PlaceDB: f3c9e893 ConstDB: 0 ShapeSum: d1c7174c RouteDB: 6dca4706
Post Restoration Checksum: NetGraph: cb275ea7 | NumContArr: f0111b36 | Constraints: c2a8fa9d | Timing: c2a8fa9d
Phase 1 Build RT Design | Checksum: 3408a6f17

Time (s): cpu = 00:00:25 ; elapsed = 00:00:24 . Memory (MB): peak = 1882.145 ; gain = 0.000

Phase 2 Router Initialization

Phase 2.1 Fix Topology Constraints
Phase 2.1 Fix Topology Constraints | Checksum: 3408a6f17

Time (s): cpu = 00:00:25 ; elapsed = 00:00:24 . Memory (MB): peak = 1882.145 ; gain = 0.000

Phase 2.2 Pre Route Cleanup
Phase 2.2 Pre Route Cleanup | Checksum: 3408a6f17

Time (s): cpu = 00:00:25 ; elapsed = 00:00:24 . Memory (MB): peak = 1882.145 ; gain = 0.000
 Number of Nodes with overlaps = 0

Phase 2.3 Update Timing
Phase 2.3 Update Timing | Checksum: 256b7c883

Time (s): cpu = 00:00:26 ; elapsed = 00:00:25 . Memory (MB): peak = 1882.145 ; gain = 0.000
INFO: [Route 35-416] Intermediate Timing Summary | WNS=0.540  | TNS=0.000  | WHS=0.004  | THS=0.000  |


Phase 2.4 Soft Constraint Pins - Fast Budgeting
Phase 2.4 Soft Constraint Pins - Fast Budgeting | Checksum: 20c50522a

Time (s): cpu = 00:00:27 ; elapsed = 00:00:25 . Memory (MB): peak = 1882.145 ; gain = 0.000

Router Utilization Summary
  Global Vertical Routing Utilization    = 0 %
  Global Horizontal Routing Utilization  = 0 %
  Routable Net Status*
  *Does not include unroutable nets such as driverless and loadless.
  Run report_route_status for detailed report.
  Number of Failed Nets               = 632
    (Failed Nets is the sum of unrouted and partially routed nets)
  Number of Unrouted Nets             = 632
  Number of Partially Routed Nets     = 0
  Number of Node Overlaps             = 0

Phase 2 Router Initialization | Checksum: 26fb5792a

Time (s): cpu = 00:00:27 ; elapsed = 00:00:26 . Memory (MB): peak = 1882.145 ; gain = 0.000

Phase 3 Global Routing
Phase 3 Global Routing | Checksum: 26fb5792a

Time (s): cpu = 00:00:27 ; elapsed = 00:00:26 . Memory (MB): peak = 1882.145 ; gain = 0.000

Phase 4 Initial Routing

Phase 4.1 Initial Net Routing Pass
Phase 4.1 Initial Net Routing Pass | Checksum: 21ff517e1

Time (s): cpu = 00:00:28 ; elapsed = 00:00:26 . Memory (MB): peak = 1882.145 ; gain = 0.000
Phase 4 Initial Routing | Checksum: 21ff517e1

Time (s): cpu = 00:00:28 ; elapsed = 00:00:26 . Memory (MB): peak = 1882.145 ; gain = 0.000

Phase 5 Rip-up And Reroute

Phase 5.1 Global Iteration 0
 Number of Nodes with overlaps = 487
 Number of Nodes with overlaps = 146
 Number of Nodes with overlaps = 81
 Number of Nodes with overlaps = 40
 Number of Nodes with overlaps = 20
 Number of Nodes with overlaps = 11
 Number of Nodes with overlaps = 3
 Number of Nodes with overlaps = 3
 Number of Nodes with overlaps = 0
INFO: [Route 35-416] Intermediate Timing Summary | WNS=-0.420 | TNS=-24.046| WHS=N/A    | THS=N/A    |

Phase 5.1 Global Iteration 0 | Checksum: 1b660cd50

Time (s): cpu = 00:00:37 ; elapsed = 00:00:32 . Memory (MB): peak = 1882.145 ; gain = 0.000

Phase 5.2 Global Iteration 1
 Number of Nodes with overlaps = 229
 Number of Nodes with overlaps = 111
 Number of Nodes with overlaps = 55
 Number of Nodes with overlaps = 33
 Number of Nodes with overlaps = 18
 Number of Nodes with overlaps = 11
 Number of Nodes with overlaps = 5
 Number of Nodes with overlaps = 7
 Number of Nodes with overlaps = 10
 Number of Nodes with overlaps = 1
 Number of Nodes with overlaps = 2
 Number of Nodes with overlaps = 0
INFO: [Route 35-416] Intermediate Timing Summary | WNS=-0.230 | TNS=-3.303 | WHS=N/A    | THS=N/A    |

Phase 5.2 Global Iteration 1 | Checksum: 22e67cf37

Time (s): cpu = 00:00:45 ; elapsed = 00:00:38 . Memory (MB): peak = 1882.145 ; gain = 0.000

Phase 5.3 Global Iteration 2
 Number of Nodes with overlaps = 261
 Number of Nodes with overlaps = 78
 Number of Nodes with overlaps = 34
 Number of Nodes with overlaps = 22
 Number of Nodes with overlaps = 20
 Number of Nodes with overlaps = 18
 Number of Nodes with overlaps = 5
 Number of Nodes with overlaps = 1
 Number of Nodes with overlaps = 4
 Number of Nodes with overlaps = 1
 Number of Nodes with overlaps = 0
INFO: [Route 35-416] Intermediate Timing Summary | WNS=-0.268 | TNS=-4.228 | WHS=N/A    | THS=N/A    |

Phase 5.3 Global Iteration 2 | Checksum: 258a85b71

Time (s): cpu = 00:00:51 ; elapsed = 00:00:43 . Memory (MB): peak = 1882.145 ; gain = 0.000
Phase 5 Rip-up And Reroute | Checksum: 258a85b71

Time (s): cpu = 00:00:51 ; elapsed = 00:00:43 . Memory (MB): peak = 1882.145 ; gain = 0.000

Phase 6 Delay and Skew Optimization

Phase 6.1 Delay CleanUp

Phase 6.1.1 Update Timing
Phase 6.1.1 Update Timing | Checksum: 2a3137b70

Time (s): cpu = 00:00:52 ; elapsed = 00:00:43 . Memory (MB): peak = 1882.145 ; gain = 0.000
INFO: [Route 35-416] Intermediate Timing Summary | WNS=-0.151 | TNS=-1.275 | WHS=N/A    | THS=N/A    |

 Number of Nodes with overlaps = 0
Phase 6.1 Delay CleanUp | Checksum: 2cc075bf5

Time (s): cpu = 00:00:52 ; elapsed = 00:00:44 . Memory (MB): peak = 1882.145 ; gain = 0.000

Phase 6.2 Clock Skew Optimization
Phase 6.2 Clock Skew Optimization | Checksum: 2cc075bf5

Time (s): cpu = 00:00:52 ; elapsed = 00:00:44 . Memory (MB): peak = 1882.145 ; gain = 0.000
Phase 6 Delay and Skew Optimization | Checksum: 2cc075bf5

Time (s): cpu = 00:00:52 ; elapsed = 00:00:44 . Memory (MB): peak = 1882.145 ; gain = 0.000

Phase 7 Post Hold Fix

Phase 7.1 Hold Fix Iter
INFO: [Route 35-416] Intermediate Timing Summary | WNS=-0.151 | TNS=-1.275 | WHS=0.493  | THS=0.000  |

Phase 7.1 Hold Fix Iter | Checksum: 2b55ab1de

Time (s): cpu = 00:00:52 ; elapsed = 00:00:44 . Memory (MB): peak = 1882.145 ; gain = 0.000
Phase 7 Post Hold Fix | Checksum: 2b55ab1de

Time (s): cpu = 00:00:52 ; elapsed = 00:00:44 . Memory (MB): peak = 1882.145 ; gain = 0.000

Phase 8 Route finalize

Router Utilization Summary
  Global Vertical Routing Utilization    = 1.00458 %
  Global Horizontal Routing Utilization  = 1.07688 %
  Routable Net Status*
  *Does not include unroutable nets such as driverless and loadless.
  Run report_route_status for detailed report.
  Number of Failed Nets               = 0
    (Failed Nets is the sum of unrouted and partially routed nets)
  Number of Unrouted Nets             = 0
  Number of Partially Routed Nets     = 0
  Number of Node Overlaps             = 0


--GLOBAL Congestion:
Utilization threshold used for congestion level computation: 0.85
Congestion Report
North Dir 1x1 Area, Max Cong = 39.6396%, No Congested Regions.
South Dir 1x1 Area, Max Cong = 64.8649%, No Congested Regions.
East Dir 1x1 Area, Max Cong = 57.3529%, No Congested Regions.
West Dir 1x1 Area, Max Cong = 60.2941%, No Congested Regions.

------------------------------
Reporting congestion hotspots
------------------------------
Direction: North
----------------
Congested clusters found at Level 0
Effective congestion level: 0 Aspect Ratio: 1 Sparse Ratio: 0
Direction: South
----------------
Congested clusters found at Level 0
Effective congestion level: 0 Aspect Ratio: 1 Sparse Ratio: 0
Direction: East
----------------
Congested clusters found at Level 0
Effective congestion level: 0 Aspect Ratio: 1 Sparse Ratio: 0
Direction: West
----------------
Congested clusters found at Level 0
Effective congestion level: 0 Aspect Ratio: 1 Sparse Ratio: 0

Phase 8 Route finalize | Checksum: 2b55ab1de

Time (s): cpu = 00:00:52 ; elapsed = 00:00:44 . Memory (MB): peak = 1882.145 ; gain = 0.000

Phase 9 Verifying routed nets

 Verification completed successfully
Phase 9 Verifying routed nets | Checksum: 2b55ab1de

Time (s): cpu = 00:00:52 ; elapsed = 00:00:44 . Memory (MB): peak = 1882.145 ; gain = 0.000

Phase 10 Depositing Routes
Phase 10 Depositing Routes | Checksum: 2a90b98dd

Time (s): cpu = 00:00:53 ; elapsed = 00:00:44 . Memory (MB): peak = 1882.145 ; gain = 0.000

Phase 11 Post Process Routing
Phase 11 Post Process Routing | Checksum: 2a90b98dd

Time (s): cpu = 00:00:53 ; elapsed = 00:00:44 . Memory (MB): peak = 1882.145 ; gain = 0.000

Phase 12 Post Router Timing
INFO: [Route 35-57] Estimated Timing Summary | WNS=-0.151 | TNS=-1.275 | WHS=0.493  | THS=0.000  |

WARNING: [Route 35-328] Router estimated timing not met.
Resolution: For a complete and accurate timing signoff, report_timing_summary must be run after route_design. Alternatively, route_design can be run with the -timing_summary option to enable a complete timing signoff at the end of route_design.
Phase 12 Post Router Timing | Checksum: 2a90b98dd

Time (s): cpu = 00:00:53 ; elapsed = 00:00:44 . Memory (MB): peak = 1882.145 ; gain = 0.000
Total Elapsed time in route_design: 44.197 secs

Phase 13 Post-Route Event Processing
Phase 13 Post-Route Event Processing | Checksum: fe59ffb7

Time (s): cpu = 00:00:53 ; elapsed = 00:00:44 . Memory (MB): peak = 1882.145 ; gain = 0.000
INFO: [Route 35-16] Router Completed Successfully
Ending Routing Task | Checksum: fe59ffb7

Time (s): cpu = 00:00:53 ; elapsed = 00:00:44 . Memory (MB): peak = 1882.145 ; gain = 0.000

Routing Is Done.
INFO: [Common 17-83] Releasing license: Implementation
96 Infos, 1 Warnings, 0 Critical Warnings and 0 Errors encountered.
route_design completed successfully
route_design: Time (s): cpu = 00:00:53 ; elapsed = 00:00:44 . Memory (MB): peak = 1882.145 ; gain = 0.000
INFO: [Vivado 12-24828] Executing command : report_drc -file CPU_Single_Cycle_drc_routed.rpt -pb CPU_Single_Cycle_drc_routed.pb -rpx CPU_Single_Cycle_drc_routed.rpx
Command: report_drc -file CPU_Single_Cycle_drc_routed.rpt -pb CPU_Single_Cycle_drc_routed.pb -rpx CPU_Single_Cycle_drc_routed.rpx
INFO: [IP_Flow 19-1839] IP Catalog is up to date.
INFO: [DRC 23-27] Running DRC with 2 threads
INFO: [Vivado_Tcl 2-168] The results of DRC are in file C:/Users/adity/Single_cycle_cpu/Single_Cycle_Processor.runs/impl_1/CPU_Single_Cycle_drc_routed.rpt.
report_drc completed successfully
INFO: [Vivado 12-24828] Executing command : report_methodology -file CPU_Single_Cycle_methodology_drc_routed.rpt -pb CPU_Single_Cycle_methodology_drc_routed.pb -rpx CPU_Single_Cycle_methodology_drc_routed.rpx
Command: report_methodology -file CPU_Single_Cycle_methodology_drc_routed.rpt -pb CPU_Single_Cycle_methodology_drc_routed.pb -rpx CPU_Single_Cycle_methodology_drc_routed.rpx
INFO: [Timing 38-35] Done setting XDC timing constraints.
INFO: [DRC 23-133] Running Methodology with 2 threads
INFO: [Vivado_Tcl 2-1520] The results of Report Methodology are in file C:/Users/adity/Single_cycle_cpu/Single_Cycle_Processor.runs/impl_1/CPU_Single_Cycle_methodology_drc_routed.rpt.
report_methodology completed successfully
INFO: [Vivado 12-24828] Executing command : report_timing_summary -max_paths 10 -routable_nets -report_unconstrained -file CPU_Single_Cycle_timing_summary_routed.rpt -pb CPU_Single_Cycle_timing_summary_routed.pb -rpx CPU_Single_Cycle_timing_summary_routed.rpx -warn_on_violation 
INFO: [Timing 38-35] Done setting XDC timing constraints.
INFO: [Timing 38-91] UpdateTimingParams: Speed grade: -1L, Delay Type: min_max.
INFO: [Timing 38-191] Multithreading enabled for timing update using a maximum of 2 CPUs
CRITICAL WARNING: [Timing 38-282] The design failed to meet the timing requirements. Please see the timing summary report for details on the timing violations.
INFO: [Vivado 12-24838] Running report commands "report_incremental_reuse, report_route_status" in parallel.
Running report generation with 2 threads.
INFO: [Vivado 12-24828] Executing command : report_incremental_reuse -file CPU_Single_Cycle_incremental_reuse_routed.rpt
INFO: [Vivado_Tcl 4-1062] Incremental flow is disabled. No incremental reuse Info to report.
INFO: [Vivado 12-24828] Executing command : report_route_status -file CPU_Single_Cycle_route_status.rpt -pb CPU_Single_Cycle_route_status.pb
INFO: [Vivado 12-24828] Executing command : report_power -file CPU_Single_Cycle_power_routed.rpt -pb CPU_Single_Cycle_power_summary_routed.pb -rpx CPU_Single_Cycle_power_routed.rpx
Command: report_power -file CPU_Single_Cycle_power_routed.rpt -pb CPU_Single_Cycle_power_summary_routed.pb -rpx CPU_Single_Cycle_power_routed.rpx
Running Vector-less Activity Propagation...

Finished Running Vector-less Activity Propagation
113 Infos, 1 Warnings, 1 Critical Warnings and 0 Errors encountered.
report_power completed successfully
INFO: [Vivado 12-24828] Executing command : report_clock_utilization -file CPU_Single_Cycle_clock_utilization_routed.rpt
INFO: [Vivado 12-24828] Executing command : report_bus_skew -warn_on_violation -file CPU_Single_Cycle_bus_skew_routed.rpt -pb CPU_Single_Cycle_bus_skew_routed.pb -rpx CPU_Single_Cycle_bus_skew_routed.rpx
INFO: [Timing 38-91] UpdateTimingParams: Speed grade: -1L, Delay Type: min_max.
INFO: [Timing 38-191] Multithreading enabled for timing update using a maximum of 2 CPUs
INFO: [Timing 38-480] Writing timing data to binary archive.
Write ShapeDB Complete: Time (s): cpu = 00:00:00 ; elapsed = 00:00:00.005 . Memory (MB): peak = 1882.145 ; gain = 0.000
Wrote PlaceDB: Time (s): cpu = 00:00:00 ; elapsed = 00:00:00 . Memory (MB): peak = 1882.145 ; gain = 0.000
Wrote PulsedLatchDB: Time (s): cpu = 00:00:00 ; elapsed = 00:00:00 . Memory (MB): peak = 1882.145 ; gain = 0.000
Writing XDEF routing.
Writing XDEF routing logical nets.
Writing XDEF routing special nets.
Wrote RouteStorage: Time (s): cpu = 00:00:00 ; elapsed = 00:00:00.044 . Memory (MB): peak = 1882.145 ; gain = 0.000
Wrote PlaceStorage: Time (s): cpu = 00:00:00 ; elapsed = 00:00:00.098 . Memory (MB): peak = 1882.145 ; gain = 0.000
Wrote Netlist Cache: Time (s): cpu = 00:00:00 ; elapsed = 00:00:00.004 . Memory (MB): peak = 1882.145 ; gain = 0.000
Wrote Device Cache: Time (s): cpu = 00:00:00 ; elapsed = 00:00:00.017 . Memory (MB): peak = 1882.145 ; gain = 0.000
Write Physdb Complete: Time (s): cpu = 00:00:00 ; elapsed = 00:00:00.186 . Memory (MB): peak = 1882.145 ; gain = 0.000
INFO: [Common 17-1381] The checkpoint 'C:/Users/adity/Single_cycle_cpu/Single_Cycle_Processor.runs/impl_1/CPU_Single_Cycle_routed.dcp' has been generated.
INFO: [Common 17-206] Exiting Vivado at Sat Jun  6 10:54:57 2026...
