Vivado Simulator v2025.2
Copyright 1986-2022 Xilinx, Inc. All Rights Reserved.
Copyright 2022-2025 Advanced Micro Devices, Inc. All Rights Reserved.
Running: C:/AMDDesignTools/2025.2/Vivado/bin/unwrapped/win64.o/xelab.exe --incr --debug typical --relax --mt 2 -L xil_defaultlib -L unisims_ver -L unimacro_ver -L secureip --snapshot tb_cpu_behav xil_defaultlib.tb_cpu xil_defaultlib.glbl -log elaborate.log 
Using 2 slave threads.
Starting static elaboration
Pass Through NonSizing Optimizer
WARNING: [VRFC 10-3091] actual bit length 26 differs from formal bit length 32 for port 'Imm26' [C:/Users/adity/Single_cycle_cpu/Single_Cycle_Processor.srcs/sources_1/new/CPU_Single_Cycle.v:89]
Completed static elaboration
Starting simulation data flow analysis
Completed simulation data flow analysis
Time Resolution for simulation is 1ps
Compiling module xil_defaultlib.Program_Counter
Compiling module xil_defaultlib.PC_4
Compiling module xil_defaultlib.Instruction_Memory
Compiling module xil_defaultlib.Instruction_Decode
Compiling module xil_defaultlib.Reg_Dst_Mux
Compiling module xil_defaultlib.Register_File_32_32
Compiling module xil_defaultlib.Sign_Extension
Compiling module xil_defaultlib.Shift_2_Branch
Compiling module xil_defaultlib.Branch_Target_Adder
Compiling module xil_defaultlib.PC_Mux
Compiling module xil_defaultlib.Control_Unit
Compiling module xil_defaultlib.ALUSrc_Mux
Compiling module xil_defaultlib.ALU_Control_Unit
Compiling module xil_defaultlib.ALU_32_bit
Compiling module xil_defaultlib.Data_Memory
Compiling module xil_defaultlib.MemtoReg_Mux
Compiling module xil_defaultlib.Jump_Address
Compiling module xil_defaultlib.Zero_Extention
Compiling module xil_defaultlib.CPU_Single_Cycle
Compiling module xil_defaultlib.tb_cpu
Compiling module xil_defaultlib.glbl
Built simulation snapshot tb_cpu_behav
