INFO: [VRFC 10-2263] Analyzing Verilog file "C:/Users/adity/Single_cycle_cpu/Single_Cycle_Processor.srcs/sources_1/new/ALUSrc_Mux.v" into library xil_defaultlib
INFO: [VRFC 10-311] analyzing module ALUSrc_Mux
INFO: [VRFC 10-2263] Analyzing Verilog file "C:/Users/adity/Single_cycle_cpu/Single_Cycle_Processor.srcs/sources_1/new/ALU_32_bit.v" into library xil_defaultlib
INFO: [VRFC 10-311] analyzing module ALU_32_bit
INFO: [VRFC 10-2263] Analyzing Verilog file "C:/Users/adity/Single_cycle_cpu/Single_Cycle_Processor.srcs/sources_1/new/ALU_Control_Unit.v" into library xil_defaultlib
INFO: [VRFC 10-311] analyzing module ALU_Control_Unit
INFO: [VRFC 10-2263] Analyzing Verilog file "C:/Users/adity/Single_cycle_cpu/Single_Cycle_Processor.srcs/sources_1/new/Branch_Target_Adder.v" into library xil_defaultlib
INFO: [VRFC 10-311] analyzing module Branch_Target_Adder
INFO: [VRFC 10-2263] Analyzing Verilog file "C:/Users/adity/Single_cycle_cpu/Single_Cycle_Processor.srcs/sources_1/new/CPU_Single_Cycle.v" into library xil_defaultlib
INFO: [VRFC 10-311] analyzing module CPU_Single_Cycle
INFO: [VRFC 10-2263] Analyzing Verilog file "C:/Users/adity/Single_cycle_cpu/Single_Cycle_Processor.srcs/sources_1/new/Control_Unit.v" into library xil_defaultlib
INFO: [VRFC 10-311] analyzing module Control_Unit
INFO: [VRFC 10-2263] Analyzing Verilog file "C:/Users/adity/Single_cycle_cpu/Single_Cycle_Processor.srcs/sources_1/new/Data_Memory.v" into library xil_defaultlib
INFO: [VRFC 10-311] analyzing module Data_Memory
INFO: [VRFC 10-2263] Analyzing Verilog file "C:/Users/adity/Single_cycle_cpu/Single_Cycle_Processor.srcs/sources_1/new/Instruction_Decode.v" into library xil_defaultlib
INFO: [VRFC 10-311] analyzing module Instruction_Decode
INFO: [VRFC 10-2263] Analyzing Verilog file "C:/Users/adity/Single_cycle_cpu/Single_Cycle_Processor.srcs/sources_1/new/Instruction_Memory.v" into library xil_defaultlib
INFO: [VRFC 10-311] analyzing module Instruction_Memory
INFO: [VRFC 10-2263] Analyzing Verilog file "C:/Users/adity/Single_cycle_cpu/Single_Cycle_Processor.srcs/sources_1/new/Jump_Address.v" into library xil_defaultlib
INFO: [VRFC 10-311] analyzing module Jump_Address
INFO: [VRFC 10-2263] Analyzing Verilog file "C:/Users/adity/Single_cycle_cpu/Single_Cycle_Processor.srcs/sources_1/new/MemtoReg_Mux.v" into library xil_defaultlib
INFO: [VRFC 10-311] analyzing module MemtoReg_Mux
INFO: [VRFC 10-2263] Analyzing Verilog file "C:/Users/adity/Single_cycle_cpu/Single_Cycle_Processor.srcs/sources_1/new/PC_4.v" into library xil_defaultlib
INFO: [VRFC 10-311] analyzing module PC_4
INFO: [VRFC 10-2263] Analyzing Verilog file "C:/Users/adity/Single_cycle_cpu/Single_Cycle_Processor.srcs/sources_1/new/PC_Mux.v" into library xil_defaultlib
INFO: [VRFC 10-311] analyzing module PC_Mux
INFO: [VRFC 10-2263] Analyzing Verilog file "C:/Users/adity/Single_cycle_cpu/Single_Cycle_Processor.srcs/sources_1/new/Program_Counter.v" into library xil_defaultlib
INFO: [VRFC 10-311] analyzing module Program_Counter
INFO: [VRFC 10-2263] Analyzing Verilog file "C:/Users/adity/Single_cycle_cpu/Single_Cycle_Processor.srcs/sources_1/new/Reg_Dst_Mux.v" into library xil_defaultlib
INFO: [VRFC 10-311] analyzing module Reg_Dst_Mux
INFO: [VRFC 10-2263] Analyzing Verilog file "C:/Users/adity/Single_cycle_cpu/Single_Cycle_Processor.srcs/sources_1/new/Register_File_32_32.v" into library xil_defaultlib
INFO: [VRFC 10-311] analyzing module Register_File_32_32
INFO: [VRFC 10-2263] Analyzing Verilog file "C:/Users/adity/Single_cycle_cpu/Single_Cycle_Processor.srcs/sources_1/new/Shift_2_Branch.v" into library xil_defaultlib
INFO: [VRFC 10-311] analyzing module Shift_2_Branch
INFO: [VRFC 10-2263] Analyzing Verilog file "C:/Users/adity/Single_cycle_cpu/Single_Cycle_Processor.srcs/sources_1/new/Sign_Extension.v" into library xil_defaultlib
INFO: [VRFC 10-311] analyzing module Sign_Extension
INFO: [VRFC 10-2263] Analyzing Verilog file "C:/Users/adity/Single_cycle_cpu/Single_Cycle_Processor.srcs/sources_1/new/Zero_Extention.v" into library xil_defaultlib
INFO: [VRFC 10-311] analyzing module Zero_Extention
INFO: [VRFC 10-2263] Analyzing Verilog file "C:/Users/adity/Single_cycle_cpu/Single_Cycle_Processor.srcs/sim_1/new/tb_cpu.v" into library xil_defaultlib
INFO: [VRFC 10-311] analyzing module tb_cpu
